<?xml version="1.0" encoding="UTF-8"?>
<!-- Generated by org.testng.reporters.JUnitXMLReporter -->
<testsuite hostname="DESKTOP-HKB541E" ignored="0" name="Test" tests="4" failures="0" timestamp="2020-12-12T19:19:54 IST" time="0.105" errors="0">
  <testcase name="login" time="0.01" classname="com.test.SearchAmazon"/>
  <testcase name="searchItem" time="0.003" classname="com.test.SearchAmazon"/>
  <testcase name="login" time="0.002" classname="com.test.SearchFlipkart"/>
  <testcase name="searchItem" time="0.004" classname="com.test.SearchFlipkart"/>
</testsuite> <!-- Test -->
