<?xml version="1.0" encoding="UTF-8"?>
<!-- Generated by org.testng.reporters.JUnitXMLReporter -->
<testsuite hostname="DESKTOP-HKB541E" ignored="0" name="Test2" tests="4" failures="0" timestamp="2020-12-12T19:34:29 IST" time="0.031" errors="0">
  <testcase name="login" time="0.002" classname="com.test.SearchFlipkart"/>
  <testcase name="searchItem" time="0.003" classname="com.test.SearchFlipkart"/>
  <testcase name="login" time="0.002" classname="com.test.SearchAmazon"/>
  <testcase name="searchItem" time="0.006" classname="com.test.SearchAmazon"/>
</testsuite> <!-- Test2 -->
